Base path: D:/Programas/Unity/Editor/Data
Pipe name: \\.\pipe\UnityShaderCompiler-1-792
Cmd: getPlatforms
Cmd: preprocess
  error: 2 plat 1 at (66): undefined variable "x"
  error: 2 plat 1 at (68): undefined variable "x" undefined variable "x" undefined variable "x" undefined variable "x" undefined variable "x"
  error: 1 plat 1 at (82): implicit cast from "half4" to "half3"
  error: 1 plat 1 at (86): implicit cast from "half4" to "half3"
  error: 1 plat 1 at (108): implicit cast from "half4" to "half3"
  insize=3402 outsize=3965 ok=0
Cmd: preprocess
  insize=3408 outsize=1280 ok=1
Cmd: compileSnippet
  api=4 type=0 insize=7046 outsize=3980 kw=DIRECTIONAL SHADOWS_OFF LIGHTMAP_OFF DIRLIGHTMAP_OFF ok=1
Cmd: compileSnippet
  api=4 type=1 insize=7046 outsize=4613 kw=DIRECTIONAL SHADOWS_OFF LIGHTMAP_OFF DIRLIGHTMAP_OFF ok=1
Cmd: compileSnippet
  api=4 type=0 insize=4891 outsize=3630 kw=POINT ok=1
Cmd: compileSnippet
  api=4 type=1 insize=4891 outsize=4711 kw=POINT ok=1
Cmd: compileSnippet
  api=4 type=0 insize=7046 outsize=4337 kw=DIRECTIONAL SHADOWS_SCREEN LIGHTMAP_OFF DIRLIGHTMAP_OFF ok=1
Cmd: compileSnippet
  api=4 type=1 insize=7046 outsize=4930 kw=DIRECTIONAL SHADOWS_SCREEN LIGHTMAP_OFF DIRLIGHTMAP_OFF ok=1
Cmd: compileSnippet
  api=4 type=0 insize=4891 outsize=2850 kw=DIRECTIONAL ok=1
Cmd: compileSnippet
  api=4 type=1 insize=4891 outsize=4467 kw=DIRECTIONAL ok=1
Cmd: preprocess
  insize=3421 outsize=1280 ok=1
Cmd: compileSnippet
  api=4 type=0 insize=7059 outsize=3980 kw=DIRECTIONAL SHADOWS_OFF LIGHTMAP_OFF DIRLIGHTMAP_OFF ok=1
Cmd: compileSnippet
  api=4 type=1 insize=7059 outsize=5280 kw=DIRECTIONAL SHADOWS_OFF LIGHTMAP_OFF DIRLIGHTMAP_OFF ok=1
Cmd: compileSnippet
  api=4 type=0 insize=4904 outsize=3630 kw=POINT ok=1
Cmd: compileSnippet
  api=4 type=1 insize=4904 outsize=5450 kw=POINT ok=1
Cmd: compileSnippet
  api=4 type=0 insize=4904 outsize=2850 kw=DIRECTIONAL ok=1
Cmd: compileSnippet
  api=4 type=1 insize=4904 outsize=5133 kw=DIRECTIONAL ok=1
Cmd: compileSnippet
  api=4 type=0 insize=7059 outsize=4337 kw=DIRECTIONAL SHADOWS_SCREEN LIGHTMAP_OFF DIRLIGHTMAP_OFF ok=1
Cmd: compileSnippet
  api=4 type=1 insize=7059 outsize=5597 kw=DIRECTIONAL SHADOWS_SCREEN LIGHTMAP_OFF DIRLIGHTMAP_OFF ok=1
Cmd: preprocess
  insize=3408 outsize=1280 ok=1
Cmd: compileSnippet
  api=4 type=0 insize=7046 outsize=3980 kw=DIRECTIONAL SHADOWS_OFF LIGHTMAP_OFF DIRLIGHTMAP_OFF ok=1
Cmd: compileSnippet
  api=4 type=1 insize=7046 outsize=4613 kw=DIRECTIONAL SHADOWS_OFF LIGHTMAP_OFF DIRLIGHTMAP_OFF ok=1
Cmd: compileSnippet
  api=4 type=0 insize=4891 outsize=3630 kw=POINT ok=1
Cmd: compileSnippet
  api=4 type=1 insize=4891 outsize=4711 kw=POINT ok=1
Cmd: compileSnippet
  api=4 type=0 insize=4891 outsize=2850 kw=DIRECTIONAL ok=1
Cmd: compileSnippet
  api=4 type=1 insize=4891 outsize=4467 kw=DIRECTIONAL ok=1
Cmd: compileSnippet
  api=4 type=0 insize=7046 outsize=4337 kw=DIRECTIONAL SHADOWS_SCREEN LIGHTMAP_OFF DIRLIGHTMAP_OFF ok=1
Cmd: compileSnippet
  api=4 type=1 insize=7046 outsize=4930 kw=DIRECTIONAL SHADOWS_SCREEN LIGHTMAP_OFF DIRLIGHTMAP_OFF ok=1
Cmd: preprocess
  insize=3412 outsize=1281 ok=1
Cmd: compileSnippet
  api=4 type=0 insize=7050 outsize=3980 kw=DIRECTIONAL SHADOWS_OFF LIGHTMAP_OFF DIRLIGHTMAP_OFF ok=1
Cmd: compileSnippet
  api=4 type=1 insize=7050 outsize=4613 kw=DIRECTIONAL SHADOWS_OFF LIGHTMAP_OFF DIRLIGHTMAP_OFF ok=1
Cmd: compileSnippet
  api=4 type=0 insize=4895 outsize=3630 kw=POINT ok=1
Cmd: compileSnippet
  api=4 type=1 insize=4895 outsize=4711 kw=POINT ok=1
Cmd: compileSnippet
  api=4 type=0 insize=4895 outsize=2850 kw=DIRECTIONAL ok=1
Cmd: compileSnippet
  api=4 type=1 insize=4895 outsize=4467 kw=DIRECTIONAL ok=1
Cmd: compileSnippet
  api=4 type=0 insize=7050 outsize=4337 kw=DIRECTIONAL SHADOWS_SCREEN LIGHTMAP_OFF DIRLIGHTMAP_OFF ok=1
Cmd: compileSnippet
  api=4 type=1 insize=7050 outsize=4930 kw=DIRECTIONAL SHADOWS_SCREEN LIGHTMAP_OFF DIRLIGHTMAP_OFF ok=1
Cmd: preprocess
  insize=3413 outsize=1281 ok=1
Cmd: compileSnippet
  api=4 type=0 insize=7051 outsize=3980 kw=DIRECTIONAL SHADOWS_OFF LIGHTMAP_OFF DIRLIGHTMAP_OFF ok=1
Cmd: compileSnippet
  api=4 type=1 insize=7051 outsize=4670 kw=DIRECTIONAL SHADOWS_OFF LIGHTMAP_OFF DIRLIGHTMAP_OFF ok=1
Cmd: compileSnippet
  api=4 type=0 insize=4896 outsize=3630 kw=POINT ok=1
Cmd: compileSnippet
  api=4 type=1 insize=4896 outsize=4768 kw=POINT ok=1
Cmd: compileSnippet
  api=4 type=0 insize=4896 outsize=2850 kw=DIRECTIONAL ok=1
Cmd: compileSnippet
  api=4 type=1 insize=4896 outsize=4524 kw=DIRECTIONAL ok=1
Cmd: compileSnippet
  api=4 type=0 insize=7051 outsize=4337 kw=DIRECTIONAL SHADOWS_SCREEN LIGHTMAP_OFF DIRLIGHTMAP_OFF ok=1
Cmd: compileSnippet
  api=4 type=1 insize=7051 outsize=4987 kw=DIRECTIONAL SHADOWS_SCREEN LIGHTMAP_OFF DIRLIGHTMAP_OFF ok=1
Cmd: preprocess
  insize=3413 outsize=1280 ok=1
Cmd: compileSnippet
  api=4 type=0 insize=7051 outsize=3980 kw=DIRECTIONAL SHADOWS_OFF LIGHTMAP_OFF DIRLIGHTMAP_OFF ok=1
Cmd: compileSnippet
  api=4 type=1 insize=7051 outsize=4670 kw=DIRECTIONAL SHADOWS_OFF LIGHTMAP_OFF DIRLIGHTMAP_OFF ok=1
Cmd: compileSnippet
  api=4 type=0 insize=4896 outsize=3630 kw=POINT ok=1
Cmd: compileSnippet
  api=4 type=1 insize=4896 outsize=4768 kw=POINT ok=1
Cmd: compileSnippet
  api=4 type=0 insize=4896 outsize=2850 kw=DIRECTIONAL ok=1
Cmd: compileSnippet
  api=4 type=1 insize=4896 outsize=4524 kw=DIRECTIONAL ok=1
Cmd: compileSnippet
  api=4 type=0 insize=7051 outsize=4337 kw=DIRECTIONAL SHADOWS_SCREEN LIGHTMAP_OFF DIRLIGHTMAP_OFF ok=1
Cmd: compileSnippet
  api=4 type=1 insize=7051 outsize=4987 kw=DIRECTIONAL SHADOWS_SCREEN LIGHTMAP_OFF DIRLIGHTMAP_OFF ok=1
Cmd: preprocess
  insize=3421 outsize=1281 ok=1
Cmd: compileSnippet
  api=4 type=0 insize=7059 outsize=3980 kw=DIRECTIONAL SHADOWS_OFF LIGHTMAP_OFF DIRLIGHTMAP_OFF ok=1
Cmd: compileSnippet
  api=4 type=1 insize=7059 outsize=5280 kw=DIRECTIONAL SHADOWS_OFF LIGHTMAP_OFF DIRLIGHTMAP_OFF ok=1
Cmd: compileSnippet
  api=4 type=0 insize=4904 outsize=3630 kw=POINT ok=1
Cmd: compileSnippet
  api=4 type=1 insize=4904 outsize=5450 kw=POINT ok=1
Cmd: compileSnippet
  api=4 type=0 insize=4904 outsize=2850 kw=DIRECTIONAL ok=1
Cmd: compileSnippet
  api=4 type=1 insize=4904 outsize=5133 kw=DIRECTIONAL ok=1
Cmd: compileSnippet
  api=4 type=0 insize=7059 outsize=4337 kw=DIRECTIONAL SHADOWS_SCREEN LIGHTMAP_OFF DIRLIGHTMAP_OFF ok=1
Cmd: compileSnippet
  api=4 type=1 insize=7059 outsize=5597 kw=DIRECTIONAL SHADOWS_SCREEN LIGHTMAP_OFF DIRLIGHTMAP_OFF ok=1
Cmd: preprocess
  insize=3445 outsize=1280 ok=1
Cmd: compileSnippet
  api=4 type=0 insize=7083 outsize=3980 kw=DIRECTIONAL SHADOWS_OFF LIGHTMAP_OFF DIRLIGHTMAP_OFF ok=1
Cmd: compileSnippet
  api=4 type=1 insize=7083 outsize=4914 kw=DIRECTIONAL SHADOWS_OFF LIGHTMAP_OFF DIRLIGHTMAP_OFF ok=1
Cmd: compileSnippet
  api=4 type=0 insize=4928 outsize=3630 kw=POINT ok=1
Cmd: compileSnippet
  api=4 type=1 insize=4928 outsize=5085 kw=POINT ok=1
Cmd: compileSnippet
  api=4 type=0 insize=4928 outsize=2850 kw=DIRECTIONAL ok=1
Cmd: compileSnippet
  api=4 type=1 insize=4928 outsize=4768 kw=DIRECTIONAL ok=1
Cmd: compileSnippet
  api=4 type=0 insize=7083 outsize=4337 kw=DIRECTIONAL SHADOWS_SCREEN LIGHTMAP_OFF DIRLIGHTMAP_OFF ok=1
Cmd: compileSnippet
  api=4 type=1 insize=7083 outsize=5231 kw=DIRECTIONAL SHADOWS_SCREEN LIGHTMAP_OFF DIRLIGHTMAP_OFF ok=1
Cmd: preprocess
  insize=3445 outsize=1281 ok=1
Cmd: compileSnippet
  api=4 type=0 insize=7083 outsize=3980 kw=DIRECTIONAL SHADOWS_OFF LIGHTMAP_OFF DIRLIGHTMAP_OFF ok=1
Cmd: compileSnippet
  api=4 type=1 insize=7083 outsize=4743 kw=DIRECTIONAL SHADOWS_OFF LIGHTMAP_OFF DIRLIGHTMAP_OFF ok=1
Cmd: compileSnippet
  api=4 type=0 insize=4928 outsize=3630 kw=POINT ok=1
Cmd: compileSnippet
  api=4 type=1 insize=4928 outsize=4841 kw=POINT ok=1
Cmd: compileSnippet
  api=4 type=0 insize=4928 outsize=2850 kw=DIRECTIONAL ok=1
Cmd: compileSnippet
  api=4 type=1 insize=4928 outsize=4597 kw=DIRECTIONAL ok=1
Cmd: compileSnippet
  api=4 type=0 insize=7083 outsize=4337 kw=DIRECTIONAL SHADOWS_SCREEN LIGHTMAP_OFF DIRLIGHTMAP_OFF ok=1
Cmd: compileSnippet
  api=4 type=1 insize=7083 outsize=5060 kw=DIRECTIONAL SHADOWS_SCREEN LIGHTMAP_OFF DIRLIGHTMAP_OFF ok=1
Cmd: preprocess
  insize=3452 outsize=1281 ok=1
Cmd: compileSnippet
  api=4 type=0 insize=7090 outsize=3980 kw=DIRECTIONAL SHADOWS_OFF LIGHTMAP_OFF DIRLIGHTMAP_OFF ok=1
Cmd: compileSnippet
  api=4 type=1 insize=7090 outsize=5320 kw=DIRECTIONAL SHADOWS_OFF LIGHTMAP_OFF DIRLIGHTMAP_OFF ok=1
Cmd: compileSnippet
  api=4 type=0 insize=4935 outsize=3630 kw=POINT ok=1
Cmd: compileSnippet
  api=4 type=1 insize=4935 outsize=5491 kw=POINT ok=1
Cmd: compileSnippet
  api=4 type=0 insize=4935 outsize=2850 kw=DIRECTIONAL ok=1
Cmd: compileSnippet
  api=4 type=1 insize=4935 outsize=5174 kw=DIRECTIONAL ok=1
Cmd: compileSnippet
  api=4 type=0 insize=7090 outsize=4337 kw=DIRECTIONAL SHADOWS_SCREEN LIGHTMAP_OFF DIRLIGHTMAP_OFF ok=1
Cmd: compileSnippet
  api=4 type=1 insize=7090 outsize=5637 kw=DIRECTIONAL SHADOWS_SCREEN LIGHTMAP_OFF DIRLIGHTMAP_OFF ok=1
Cmd: preprocess
  insize=3500 outsize=1280 ok=1
Cmd: compileSnippet
  api=4 type=0 insize=7138 outsize=3980 kw=DIRECTIONAL SHADOWS_OFF LIGHTMAP_OFF DIRLIGHTMAP_OFF ok=1
Cmd: compileSnippet
  api=4 type=1 insize=7138 outsize=5621 kw=DIRECTIONAL SHADOWS_OFF LIGHTMAP_OFF DIRLIGHTMAP_OFF ok=1
Cmd: compileSnippet
  api=4 type=0 insize=4983 outsize=3630 kw=POINT ok=1
Cmd: compileSnippet
  api=4 type=1 insize=4983 outsize=5621 kw=POINT ok=1
Cmd: compileSnippet
  api=4 type=0 insize=4983 outsize=2850 kw=DIRECTIONAL ok=1
Cmd: compileSnippet
  api=4 type=1 insize=4983 outsize=5475 kw=DIRECTIONAL ok=1
Cmd: compileSnippet
  api=4 type=0 insize=7138 outsize=4337 kw=DIRECTIONAL SHADOWS_SCREEN LIGHTMAP_OFF DIRLIGHTMAP_OFF ok=1
Cmd: compileSnippet
  api=4 type=1 insize=7138 outsize=5938 kw=DIRECTIONAL SHADOWS_SCREEN LIGHTMAP_OFF DIRLIGHTMAP_OFF ok=1
Cmd: preprocess
  insize=3501 outsize=1281 ok=1
Cmd: compileSnippet
  api=4 type=0 insize=7139 outsize=3980 kw=DIRECTIONAL SHADOWS_OFF LIGHTMAP_OFF DIRLIGHTMAP_OFF ok=1
Cmd: compileSnippet
  api=4 type=1 insize=7139 outsize=5621 kw=DIRECTIONAL SHADOWS_OFF LIGHTMAP_OFF DIRLIGHTMAP_OFF ok=1
Cmd: compileSnippet
  api=4 type=0 insize=4984 outsize=3630 kw=POINT ok=1
Cmd: compileSnippet
  api=4 type=1 insize=4984 outsize=5621 kw=POINT ok=1
Cmd: compileSnippet
  api=4 type=0 insize=4984 outsize=2850 kw=DIRECTIONAL ok=1
Cmd: compileSnippet
  api=4 type=1 insize=4984 outsize=5475 kw=DIRECTIONAL ok=1
Cmd: compileSnippet
  api=4 type=0 insize=7139 outsize=4337 kw=DIRECTIONAL SHADOWS_SCREEN LIGHTMAP_OFF DIRLIGHTMAP_OFF ok=1
Cmd: compileSnippet
  api=4 type=1 insize=7139 outsize=5938 kw=DIRECTIONAL SHADOWS_SCREEN LIGHTMAP_OFF DIRLIGHTMAP_OFF ok=1
Cmd: preprocess
  insize=3501 outsize=1280 ok=1
Cmd: compileSnippet
  api=4 type=0 insize=7139 outsize=3980 kw=DIRECTIONAL SHADOWS_OFF LIGHTMAP_OFF DIRLIGHTMAP_OFF ok=1
Cmd: compileSnippet
  api=4 type=1 insize=7139 outsize=5621 kw=DIRECTIONAL SHADOWS_OFF LIGHTMAP_OFF DIRLIGHTMAP_OFF ok=1
Cmd: compileSnippet
  api=4 type=0 insize=4984 outsize=3630 kw=POINT ok=1
Cmd: compileSnippet
  api=4 type=1 insize=4984 outsize=5621 kw=POINT ok=1
Cmd: compileSnippet
  api=4 type=0 insize=4984 outsize=2850 kw=DIRECTIONAL ok=1
Cmd: compileSnippet
  api=4 type=1 insize=4984 outsize=5475 kw=DIRECTIONAL ok=1
Cmd: compileSnippet
  api=4 type=0 insize=7139 outsize=4337 kw=DIRECTIONAL SHADOWS_SCREEN LIGHTMAP_OFF DIRLIGHTMAP_OFF ok=1
Cmd: compileSnippet
  api=4 type=1 insize=7139 outsize=5938 kw=DIRECTIONAL SHADOWS_SCREEN LIGHTMAP_OFF DIRLIGHTMAP_OFF ok=1
Cmd: preprocess
  insize=3501 outsize=1281 ok=1
Cmd: compileSnippet
  api=4 type=0 insize=7139 outsize=3980 kw=DIRECTIONAL SHADOWS_OFF LIGHTMAP_OFF DIRLIGHTMAP_OFF ok=1
Cmd: compileSnippet
  api=4 type=1 insize=7139 outsize=5621 kw=DIRECTIONAL SHADOWS_OFF LIGHTMAP_OFF DIRLIGHTMAP_OFF ok=1
Cmd: compileSnippet
  api=4 type=0 insize=4984 outsize=3630 kw=POINT ok=1
Cmd: compileSnippet
  api=4 type=1 insize=4984 outsize=5621 kw=POINT ok=1
Cmd: compileSnippet
  api=4 type=0 insize=4984 outsize=2850 kw=DIRECTIONAL ok=1
Cmd: compileSnippet
  api=4 type=1 insize=4984 outsize=5475 kw=DIRECTIONAL ok=1
Cmd: compileSnippet
  api=4 type=0 insize=7139 outsize=4337 kw=DIRECTIONAL SHADOWS_SCREEN LIGHTMAP_OFF DIRLIGHTMAP_OFF ok=1
Cmd: compileSnippet
  api=4 type=1 insize=7139 outsize=5938 kw=DIRECTIONAL SHADOWS_SCREEN LIGHTMAP_OFF DIRLIGHTMAP_OFF ok=1
Cmd: preprocess
  insize=3501 outsize=1280 ok=1
Cmd: compileSnippet
  api=4 type=0 insize=7139 outsize=3980 kw=DIRECTIONAL SHADOWS_OFF LIGHTMAP_OFF DIRLIGHTMAP_OFF ok=1
Cmd: compileSnippet
  api=4 type=1 insize=7139 outsize=5621 kw=DIRECTIONAL SHADOWS_OFF LIGHTMAP_OFF DIRLIGHTMAP_OFF ok=1
Cmd: compileSnippet
  api=4 type=0 insize=4984 outsize=3630 kw=POINT ok=1
Cmd: compileSnippet
  api=4 type=1 insize=4984 outsize=5621 kw=POINT ok=1
Cmd: compileSnippet
  api=4 type=0 insize=4984 outsize=2850 kw=DIRECTIONAL ok=1
Cmd: compileSnippet
  api=4 type=1 insize=4984 outsize=5475 kw=DIRECTIONAL ok=1
Cmd: compileSnippet
  api=4 type=0 insize=7139 outsize=4337 kw=DIRECTIONAL SHADOWS_SCREEN LIGHTMAP_OFF DIRLIGHTMAP_OFF ok=1
Cmd: compileSnippet
  api=4 type=1 insize=7139 outsize=5938 kw=DIRECTIONAL SHADOWS_SCREEN LIGHTMAP_OFF DIRLIGHTMAP_OFF ok=1
Cmd: preprocess
  insize=3500 outsize=1281 ok=1
Cmd: compileSnippet
  api=4 type=0 insize=7138 outsize=3980 kw=DIRECTIONAL SHADOWS_OFF LIGHTMAP_OFF DIRLIGHTMAP_OFF ok=1
Cmd: compileSnippet
  api=4 type=1 insize=7138 outsize=5621 kw=DIRECTIONAL SHADOWS_OFF LIGHTMAP_OFF DIRLIGHTMAP_OFF ok=1
Cmd: compileSnippet
  api=4 type=0 insize=4983 outsize=3630 kw=POINT ok=1
Cmd: compileSnippet
  api=4 type=1 insize=4983 outsize=5621 kw=POINT ok=1
Cmd: compileSnippet
  api=4 type=0 insize=4983 outsize=2850 kw=DIRECTIONAL ok=1
Cmd: compileSnippet
  api=4 type=1 insize=4983 outsize=5475 kw=DIRECTIONAL ok=1
Cmd: compileSnippet
  api=4 type=0 insize=7138 outsize=4337 kw=DIRECTIONAL SHADOWS_SCREEN LIGHTMAP_OFF DIRLIGHTMAP_OFF ok=1
Cmd: compileSnippet
  api=4 type=1 insize=7138 outsize=5938 kw=DIRECTIONAL SHADOWS_SCREEN LIGHTMAP_OFF DIRLIGHTMAP_OFF ok=1
Cmd: preprocess
  error: 2 plat 1 at (67): unable to find compatible overloaded function "lerp(half, half)"
  error: 1 plat 1 at (83): implicit cast from "half4" to "half3"
  error: 1 plat 1 at (87): implicit cast from "half4" to "half3"
  error: 1 plat 1 at (109): implicit cast from "half4" to "half3"
  insize=3394 outsize=3957 ok=0
Cmd: preprocess
  insize=3416 outsize=1281 ok=1
Cmd: compileSnippet
  api=4 type=0 insize=7054 outsize=3980 kw=DIRECTIONAL SHADOWS_OFF LIGHTMAP_OFF DIRLIGHTMAP_OFF ok=1
Cmd: compileSnippet
  api=4 type=1 insize=7054 outsize=5207 kw=DIRECTIONAL SHADOWS_OFF LIGHTMAP_OFF DIRLIGHTMAP_OFF ok=1
Cmd: compileSnippet
  api=4 type=0 insize=4899 outsize=3630 kw=POINT ok=1
Cmd: compileSnippet
  api=4 type=1 insize=4899 outsize=5377 kw=POINT ok=1
Cmd: compileSnippet
  api=4 type=0 insize=4899 outsize=2850 kw=DIRECTIONAL ok=1
Cmd: compileSnippet
  api=4 type=1 insize=4899 outsize=5060 kw=DIRECTIONAL ok=1
Cmd: compileSnippet
  api=4 type=0 insize=7054 outsize=4337 kw=DIRECTIONAL SHADOWS_SCREEN LIGHTMAP_OFF DIRLIGHTMAP_OFF ok=1
Cmd: compileSnippet
  api=4 type=1 insize=7054 outsize=5523 kw=DIRECTIONAL SHADOWS_SCREEN LIGHTMAP_OFF DIRLIGHTMAP_OFF ok=1
Cmd: preprocess
  insize=3409 outsize=1279 ok=1
Cmd: compileSnippet
  api=4 type=0 insize=7047 outsize=3980 kw=DIRECTIONAL SHADOWS_OFF LIGHTMAP_OFF DIRLIGHTMAP_OFF ok=1
Cmd: compileSnippet
  api=4 type=1 insize=7047 outsize=5239 kw=DIRECTIONAL SHADOWS_OFF LIGHTMAP_OFF DIRLIGHTMAP_OFF ok=1
Cmd: compileSnippet
  api=4 type=0 insize=4892 outsize=3630 kw=POINT ok=1
Cmd: compileSnippet
  api=4 type=1 insize=4892 outsize=5410 kw=POINT ok=1
Cmd: compileSnippet
  api=4 type=0 insize=4892 outsize=2850 kw=DIRECTIONAL ok=1
Cmd: compileSnippet
  api=4 type=1 insize=4892 outsize=5093 kw=DIRECTIONAL ok=1
Cmd: compileSnippet
  api=4 type=0 insize=7047 outsize=4337 kw=DIRECTIONAL SHADOWS_SCREEN LIGHTMAP_OFF DIRLIGHTMAP_OFF ok=1
Cmd: compileSnippet
  api=4 type=1 insize=7047 outsize=5556 kw=DIRECTIONAL SHADOWS_SCREEN LIGHTMAP_OFF DIRLIGHTMAP_OFF ok=1
Cmd: preprocess
  insize=3409 outsize=1280 ok=1
Cmd: compileSnippet
  api=4 type=0 insize=7047 outsize=3980 kw=DIRECTIONAL SHADOWS_OFF LIGHTMAP_OFF DIRLIGHTMAP_OFF ok=1
Cmd: compileSnippet
  api=4 type=1 insize=7047 outsize=5109 kw=DIRECTIONAL SHADOWS_OFF LIGHTMAP_OFF DIRLIGHTMAP_OFF ok=1
Cmd: compileSnippet
  api=4 type=0 insize=4892 outsize=3630 kw=POINT ok=1
Cmd: compileSnippet
  api=4 type=1 insize=4892 outsize=5207 kw=POINT ok=1
Cmd: compileSnippet
  api=4 type=0 insize=4892 outsize=2850 kw=DIRECTIONAL ok=1
Cmd: compileSnippet
  api=4 type=1 insize=4892 outsize=4963 kw=DIRECTIONAL ok=1
Cmd: compileSnippet
  api=4 type=0 insize=7047 outsize=4337 kw=DIRECTIONAL SHADOWS_SCREEN LIGHTMAP_OFF DIRLIGHTMAP_OFF ok=1
Cmd: compileSnippet
  api=4 type=1 insize=7047 outsize=5426 kw=DIRECTIONAL SHADOWS_SCREEN LIGHTMAP_OFF DIRLIGHTMAP_OFF ok=1
Cmd: preprocess
  insize=3389 outsize=1281 ok=1
Cmd: compileSnippet
  api=4 type=0 insize=7027 outsize=3980 kw=DIRECTIONAL SHADOWS_OFF LIGHTMAP_OFF DIRLIGHTMAP_OFF ok=1
Cmd: compileSnippet
  api=4 type=1 insize=7027 outsize=5280 kw=DIRECTIONAL SHADOWS_OFF LIGHTMAP_OFF DIRLIGHTMAP_OFF ok=1
Cmd: compileSnippet
  api=4 type=0 insize=4872 outsize=3630 kw=POINT ok=1
Cmd: compileSnippet
  api=4 type=1 insize=4872 outsize=5450 kw=POINT ok=1
Cmd: compileSnippet
  api=4 type=0 insize=4872 outsize=2850 kw=DIRECTIONAL ok=1
Cmd: compileSnippet
  api=4 type=1 insize=4872 outsize=5133 kw=DIRECTIONAL ok=1
Cmd: compileSnippet
  api=4 type=0 insize=7027 outsize=4337 kw=DIRECTIONAL SHADOWS_SCREEN LIGHTMAP_OFF DIRLIGHTMAP_OFF ok=1
Cmd: compileSnippet
  api=4 type=1 insize=7027 outsize=5597 kw=DIRECTIONAL SHADOWS_SCREEN LIGHTMAP_OFF DIRLIGHTMAP_OFF ok=1
Cmd: preprocess
  insize=3161 outsize=1281 ok=1
Cmd: compileSnippet
  api=4 type=0 insize=6799 outsize=3980 kw=DIRECTIONAL SHADOWS_OFF LIGHTMAP_OFF DIRLIGHTMAP_OFF ok=1
Cmd: compileSnippet
  api=4 type=1 insize=6799 outsize=5280 kw=DIRECTIONAL SHADOWS_OFF LIGHTMAP_OFF DIRLIGHTMAP_OFF ok=1
Cmd: compileSnippet
  api=4 type=0 insize=4644 outsize=3630 kw=POINT ok=1
Cmd: compileSnippet
  api=4 type=1 insize=4644 outsize=5450 kw=POINT ok=1
Cmd: compileSnippet
  api=4 type=0 insize=4644 outsize=2850 kw=DIRECTIONAL ok=1
Cmd: compileSnippet
  api=4 type=1 insize=4644 outsize=5133 kw=DIRECTIONAL ok=1
Cmd: compileSnippet
  api=4 type=0 insize=6799 outsize=4337 kw=DIRECTIONAL SHADOWS_SCREEN LIGHTMAP_OFF DIRLIGHTMAP_OFF ok=1
Cmd: compileSnippet
  api=4 type=1 insize=6799 outsize=5597 kw=DIRECTIONAL SHADOWS_SCREEN LIGHTMAP_OFF DIRLIGHTMAP_OFF ok=1
Cmd: preprocess
  insize=3159 outsize=1281 ok=1
Cmd: compileSnippet
  api=4 type=0 insize=6797 outsize=3980 kw=DIRECTIONAL SHADOWS_OFF LIGHTMAP_OFF DIRLIGHTMAP_OFF ok=1
Cmd: compileSnippet
  api=4 type=1 insize=6797 outsize=5280 kw=DIRECTIONAL SHADOWS_OFF LIGHTMAP_OFF DIRLIGHTMAP_OFF ok=1
Cmd: compileSnippet
  api=4 type=0 insize=4642 outsize=3630 kw=POINT ok=1
Cmd: compileSnippet
  api=4 type=1 insize=4642 outsize=5450 kw=POINT ok=1
Cmd: compileSnippet
  api=4 type=0 insize=4642 outsize=2850 kw=DIRECTIONAL ok=1
Cmd: compileSnippet
  api=4 type=1 insize=4642 outsize=5133 kw=DIRECTIONAL ok=1
Cmd: compileSnippet
  api=4 type=0 insize=6797 outsize=4337 kw=DIRECTIONAL SHADOWS_SCREEN LIGHTMAP_OFF DIRLIGHTMAP_OFF ok=1
Cmd: compileSnippet
  api=4 type=1 insize=6797 outsize=5597 kw=DIRECTIONAL SHADOWS_SCREEN LIGHTMAP_OFF DIRLIGHTMAP_OFF ok=1
Cmd: preprocess
  insize=3137 outsize=1280 ok=1
Cmd: compileSnippet
  api=4 type=0 insize=6775 outsize=3980 kw=DIRECTIONAL SHADOWS_OFF LIGHTMAP_OFF DIRLIGHTMAP_OFF ok=1
Cmd: compileSnippet
  api=4 type=1 insize=6775 outsize=4329 kw=DIRECTIONAL SHADOWS_OFF LIGHTMAP_OFF DIRLIGHTMAP_OFF ok=1
Cmd: compileSnippet
  api=4 type=0 insize=4620 outsize=3630 kw=POINT ok=1
Cmd: compileSnippet
  api=4 type=1 insize=4620 outsize=4500 kw=POINT ok=1
Cmd: compileSnippet
  api=4 type=0 insize=4620 outsize=2850 kw=DIRECTIONAL ok=1
Cmd: compileSnippet
  api=4 type=1 insize=4620 outsize=4183 kw=DIRECTIONAL ok=1
Cmd: compileSnippet
  api=4 type=0 insize=6775 outsize=4337 kw=DIRECTIONAL SHADOWS_SCREEN LIGHTMAP_OFF DIRLIGHTMAP_OFF ok=1
Cmd: compileSnippet
  api=4 type=1 insize=6775 outsize=4646 kw=DIRECTIONAL SHADOWS_SCREEN LIGHTMAP_OFF DIRLIGHTMAP_OFF ok=1
Cmd: preprocess
  insize=3161 outsize=1281 ok=1
Cmd: preprocess
  insize=3572 outsize=1620 ok=1
Cmd: compileSnippet
  api=4 type=0 insize=2256 outsize=1363 kw=_TEX_OFF _COLOR_OFF ok=1
Cmd: compileSnippet
  api=4 type=1 insize=2256 outsize=713 kw=_TEX_OFF _COLOR_OFF ok=1
Cmd: preprocess
  insize=3336 outsize=1455 ok=1
Cmd: compileSnippet
  api=4 type=0 insize=6799 outsize=3980 kw=DIRECTIONAL SHADOWS_OFF LIGHTMAP_OFF DIRLIGHTMAP_OFF ok=1
Cmd: compileSnippet
  api=4 type=1 insize=6799 outsize=5280 kw=DIRECTIONAL SHADOWS_OFF LIGHTMAP_OFF DIRLIGHTMAP_OFF ok=1
Cmd: compileSnippet
  api=4 type=0 insize=4644 outsize=3630 kw=POINT ok=1
Cmd: compileSnippet
  api=4 type=1 insize=4644 outsize=5450 kw=POINT ok=1
Cmd: compileSnippet
  api=4 type=0 insize=6799 outsize=4337 kw=DIRECTIONAL SHADOWS_SCREEN LIGHTMAP_OFF DIRLIGHTMAP_OFF ok=1
Cmd: compileSnippet
  api=4 type=1 insize=6799 outsize=5597 kw=DIRECTIONAL SHADOWS_SCREEN LIGHTMAP_OFF DIRLIGHTMAP_OFF ok=1
Cmd: compileSnippet
  api=4 type=0 insize=4644 outsize=2850 kw=DIRECTIONAL ok=1
Cmd: compileSnippet
  api=4 type=1 insize=4644 outsize=5133 kw=DIRECTIONAL ok=1
